no_id,Fior d'Italia - Celebrating 127...,4159861886,37.804267,-122.4136089
no_id,Nikko's Mexican Grill,6502494559,37.4908649,-122.2405952
no_id,Farm Fresh To You,4158349981,37.8716139,-122.4438726
no_id,Regalito Rosticeria,4155030650,37.761525,-122.421098
no_id,Taqueria Vallarta,4158268116,37.7523989,-122.412567
no_id,Goood Frikin Chicken,4159702428,37.744274,-122.421344
no_id,Urban Flame,6505251958,37.5334718,-122.3277149
no_id,Hot Bachata Nights,4159825299,37.7979075,-122.4047633
no_id,India 4 U,9257577475,37.96174,-121.7389
no_id,Taki Sushi,5102370562,37.9153471,-122.3114876
no_id,Fat Grape Winery,4156138925,37.8293235,-122.3696817
no_id,Pandora Karaoke & Bar,2198385909,37.7841238,-122.4104943
no_id,Bogie's Cafe,4154921530,37.99631,-122.52886
no_id,Marco's Pizza,9254844440,37.6586494,-121.897881
no_id,Kennedy's Irish Pub & Indian Curry...,4154418855,37.80395,-122.41547
no_id,The San Francisco Chocolate Co.,4156779194,37.7710519,-122.4155102
no_id,San Francisco Pizza,5104124400,37.9357035,-122.3574055
no_id,Menlo Hub,6503216882,37.452888,-122.182226
no_id,Tambo Restaurant,5106638262,37.8058579,-122.2747225
no_id,Livermore Saloon,9255794865,37.6835306,-121.7654418
no_id,Not Just Flowers,4158643134,37.760682,-122.435258
no_id,The Plough and the Stars,4157511122,37.7832551,-122.4605451
no_id,Cello Kebab & Pizza,4153571122,37.7906009,-122.3971221
no_id,The Village Cafe,9253725537,37.9941248,-122.1051236
no_id,Extreme Pizza,5107429200,37.5523967,-122.0480353
no_id,Motown Madness Dinner Show,8886095964,37.948493,-122.081231
no_id,El Toro Loco,6503555548,37.6362886,-122.4903363
no_id,Guerrero's Taqueria,6503552833,37.61378,-122.48683
no_id,Xenia Bistro,9258559000,37.8520233,-122.0346225
no_id,Favorite Indian Restaurant,9255609310,37.7240736,-121.9436718
no_id,Casa Manana Restaurant,4154567345,37.9707885,-122.5325747
no_id,Melody Lounge,4154255022,37.7420511,-122.4220433
no_id,Bay Coffee Company,6507385935,37.6328988,-122.4923489
no_id,Alegio Chocolate,5105482466,37.8801509,-122.2699152
no_id,Mountain View Winery,4158986778,37.9737954,-122.5269869
no_id,Reaction Restaurant,4155528200,37.7620384,-122.41611
no_id,I-80 Cheesesteaks,7076734073,38.2912278,-122.0329532
no_id,Khana Peena,5106582300,37.8915966,-122.2775642
no_id,Arabica Mediterranean Cuisine,5104860140,37.868858,-122.267183
no_id,Chianti Cucina,4158780314,38.109147,-122.568919
no_id,Polkers Gourmet Burgers,4158851000,37.7956704,-122.4218464
no_id,Tiburon Tavern,4154355996,37.8980011,-122.4880778
no_id,Velvet Room at the Clift Hotel,4159292300,37.7869318,-122.4111049
no_id,Vo's Restaurant,5104654600,37.811428,-122.26595
no_id,The Melting Pot,6503426358,37.5680582,-122.3242034
no_id,Los Moles,5102856635,37.847123,-122.291414
no_id,Fiona's Sweetshoppe,4153999992,37.7898754,-122.4041998
no_id,Let 'em Eat Cake,9259803654,37.7054568,-121.7220996
no_id,Peña Pachamama,4157516090,37.7997781,-122.4106318
no_id,Touch of Soul,5105951227,37.8341806,-122.2808027
no_id,Papaya Thai,5107921988,37.5234674,-122.0081175
no_id,Otaez Mexican Restaurant,5105219090,37.775941, -122.27726
no_id,Masala Cuisine,5108782643,37.7570369, -122.18191
no_id,Rubs BBQ Bistro,9252441727,37.7636309, -121.949622
no_id,Subway,6507809624,37.4870455, -122.2311475
no_id,Jason's Hot Pot Restaurant,9252469999,37.9749, -122.03838
no_id,Xenia Bistro,9258559000,37.8518335, -122.033671
no_id,Urban Flame Grill,6505251958,37.5334718, -122.3277149
no_id,Cotton Pik'n Candy,5106044843,37.8357765, -122.2923987
no_id,Cinnabar,4159284288,37.784805, -122.4126239
no_id,The Melting Pot,6503426358,37.5680582, -122.3242034
